
x_train shape: (9790, 100)
y_train shape: (9790,)
x_test shape: (2448, 100)
y_test shape: (2448,)

@Fitting class 0...

epoch --> 0
cost --> 0.6931471805599453
grad[:2] --> [-0.38120531  0.07559323]
theta[:2] --> [-0.03812053  0.00755932]

@Fitting class 1...

epoch --> 0
cost --> 0.6931471805599453
grad[:2] --> [-0.38243105  0.08084291]
theta[:2] --> [-0.03824311  0.00808429]

@Fitting class 2...

epoch --> 0
cost --> 0.6931471805599453
grad[:2] --> [-0.42655771  0.08148159]
theta[:2] --> [-0.04265577  0.00814816]

@Fitting class 3...

epoch --> 0
cost --> 0.6931471805599453
grad[:2] --> [-0.40153218  0.083658  ]
theta[:2] --> [-0.04015322  0.0083658 ]

@Fitting class 4...

epoch --> 0
cost --> 0.6931471805599453
grad[:2] --> [-0.42737487  0.08171693]
theta[:2] --> [-0.04273749  0.00817169]

@Fitting class 5...

epoch --> 0
cost --> 0.6931471805599453
grad[:2] --> [-0.4308478   0.08195051]
theta[:2] --> [-0.04308478  0.00819505]

@Fitting class 6...

epoch --> 0
cost --> 0.6931471805599453
grad[:2] --> [-0.38008172  0.07140701]
theta[:2] --> [-0.03800817  0.0071407 ]

@Fitting class 7...

epoch --> 0
cost --> 0.6931471805599453
grad[:2] --> [-0.40469867  0.07330028]
theta[:2] --> [-0.04046987  0.00733003]

@Fitting class 8...

epoch --> 0
cost --> 0.6931471805599453
grad[:2] --> [-0.34157303  0.05907329]
theta[:2] --> [-0.0341573   0.00590733]

@Fitting class 9...

epoch --> 0
cost --> 0.6931471805599453
grad[:2] --> [-0.42369765  0.10033313]
theta[:2] --> [-0.04236977  0.01003331]

acc: 0.40645424836601307
f1: 0.40645424836601307
mcc: 0.34050472040668117
recalls: [0.33948339 1.         0.         0.34661355 0.         0.         0.02580645 0.         0.82820513 1.        ]
precisions: [0.46700508 0.73913043 0.         0.435      0.         0.         0.20512821 0.         0.22810734 0.96551724]
f1s: [0.39316239 0.85       0.         0.38580931 0.         0.         0.04584527 0.         0.35769657 0.98245614]
mccs: [ 0.33594002  0.83917274  0.          0.32690784  0.          0.          0.03003159 -0.00947091  0.22018938  0.98107904]

The Hypers are: mode_sum_iter_1000_lr_0.1
